<?xml version="1.0" encoding="UTF-8"?>
<!-- Generated by org.testng.reporters.JUnitXMLReporter -->
<testsuite ignored="0" hostname="bcedbeecedcdbbeacdbfedabcfaaebcecfbfc-0" failures="0" tests="3" name="Surefire test" time="25.675" errors="0" timestamp="2023-08-22T10:21:24 UTC">
  <testcase classname="runner.Testcase1" name="Register" time="8.347"/>
  <testcase classname="runner.Testcase1" name="Valid_Login_TC" time="2.724"/>
  <testcase classname="runner.Testcase1" name="TC_Vote_003" time="3.063"/>
</testsuite> <!-- Surefire test -->
