<?xml version="1.0" encoding="UTF-8"?>
<testng-results ignored="0" total="3" passed="3" failed="0" skipped="0">
  <reporter-output>
  </reporter-output>
  <suite started-at="2023-08-22T10:20:59 UTC" name="Surefire suite" finished-at="2023-08-22T10:21:24 UTC" duration-ms="25675">
    <groups>
    </groups>
    <test started-at="2023-08-22T10:20:59 UTC" name="Surefire test" finished-at="2023-08-22T10:21:24 UTC" duration-ms="25675">
      <class name="runner.Testcase1">
        <test-method is-config="true" signature="beforeMethod()[pri:0, instance:runner.Testcase1@26d9b808]" started-at="2023-08-22T10:20:59 UTC" name="beforeMethod" finished-at="2023-08-22T10:21:04 UTC" duration-ms="5110" status="PASS">
          <reporter-output>
          </reporter-output>
        </test-method> <!-- beforeMethod -->
        <test-method signature="Register()[pri:1, instance:runner.Testcase1@26d9b808]" started-at="2023-08-22T10:21:04 UTC" name="Register" finished-at="2023-08-22T10:21:12 UTC" duration-ms="8347" status="PASS">
          <reporter-output>
          </reporter-output>
        </test-method> <!-- Register -->
        <test-method is-config="true" signature="afterMethod()[pri:0, instance:runner.Testcase1@26d9b808]" started-at="2023-08-22T10:21:12 UTC" name="afterMethod" finished-at="2023-08-22T10:21:13 UTC" duration-ms="459" status="PASS">
          <reporter-output>
          </reporter-output>
        </test-method> <!-- afterMethod -->
        <test-method is-config="true" signature="beforeMethod()[pri:0, instance:runner.Testcase1@26d9b808]" started-at="2023-08-22T10:21:13 UTC" name="beforeMethod" finished-at="2023-08-22T10:21:16 UTC" duration-ms="2658" status="PASS">
          <reporter-output>
          </reporter-output>
        </test-method> <!-- beforeMethod -->
        <test-method signature="Valid_Login_TC(java.lang.String,java.lang.String)[pri:2, instance:runner.Testcase1@26d9b808]" started-at="2023-08-22T10:21:16 UTC" name="Valid_Login_TC" data-provider="testData" finished-at="2023-08-22T10:21:18 UTC" duration-ms="2724" status="PASS">
          <params>
            <param index="0">
              <value>
                <![CDATA[test@demo.com]]>
              </value>
            </param>
            <param index="1">
              <value>
                <![CDATA[Test123$]]>
              </value>
            </param>
          </params>
          <reporter-output>
          </reporter-output>
        </test-method> <!-- Valid_Login_TC -->
        <test-method is-config="true" signature="afterMethod()[pri:0, instance:runner.Testcase1@26d9b808]" started-at="2023-08-22T10:21:18 UTC" name="afterMethod" finished-at="2023-08-22T10:21:19 UTC" duration-ms="149" status="PASS">
          <reporter-output>
          </reporter-output>
        </test-method> <!-- afterMethod -->
        <test-method is-config="true" signature="beforeMethod()[pri:0, instance:runner.Testcase1@26d9b808]" started-at="2023-08-22T10:21:19 UTC" name="beforeMethod" finished-at="2023-08-22T10:21:21 UTC" duration-ms="2451" status="PASS">
          <reporter-output>
          </reporter-output>
        </test-method> <!-- beforeMethod -->
        <test-method signature="TC_Vote_003()[pri:3, instance:runner.Testcase1@26d9b808]" started-at="2023-08-22T10:21:21 UTC" name="TC_Vote_003" finished-at="2023-08-22T10:21:24 UTC" duration-ms="3063" status="PASS">
          <reporter-output>
          </reporter-output>
        </test-method> <!-- TC_Vote_003 -->
        <test-method is-config="true" signature="afterMethod()[pri:0, instance:runner.Testcase1@26d9b808]" started-at="2023-08-22T10:21:24 UTC" name="afterMethod" finished-at="2023-08-22T10:21:24 UTC" duration-ms="136" status="PASS">
          <reporter-output>
          </reporter-output>
        </test-method> <!-- afterMethod -->
      </class> <!-- runner.Testcase1 -->
    </test> <!-- Surefire test -->
  </suite> <!-- Surefire suite -->
</testng-results>
